[02-Jan-2026 14:46:16 UTC] Scripts frontend carregados com sucesso
[02-Jan-2026 14:46:16 UTC] === FACEBOOK PIXEL DEBUG ===
[02-Jan-2026 14:46:16 UTC] is_singular(terreno): Nﾃグ
[02-Jan-2026 14:46:16 UTC] Post ID: 5
[02-Jan-2026 14:46:16 UTC] Post Type: page
[02-Jan-2026 14:46:16 UTC] PIXEL Nﾃグ CARREGADO: Nﾃ｣o ﾃｩ um terreno
[02-Jan-2026 14:46:16 UTC] 汳ｾ [CVCRM] Cache HIT para cvcrm_empreendimento_26
[02-Jan-2026 14:47:24 UTC] Scripts frontend carregados com sucesso
[02-Jan-2026 14:47:24 UTC] === FACEBOOK PIXEL DEBUG ===
[02-Jan-2026 14:47:24 UTC] is_singular(terreno): SIM
[02-Jan-2026 14:47:24 UTC] Post ID: 32
[02-Jan-2026 14:47:24 UTC] Post Type: terreno
[02-Jan-2026 14:47:24 UTC] Pixel ID encontrado: 1423368039304251
[02-Jan-2026 14:47:24 UTC] Pixel Token encontrado: SIM
[02-Jan-2026 14:47:24 UTC] PIXEL CARREGADO COM SUCESSO!
[02-Jan-2026 14:47:29 UTC] Scripts frontend carregados com sucesso
[02-Jan-2026 14:47:29 UTC] === FACEBOOK PIXEL DEBUG ===
[02-Jan-2026 14:47:29 UTC] is_singular(terreno): Nﾃグ
[02-Jan-2026 14:47:29 UTC] Post ID: 5
[02-Jan-2026 14:47:29 UTC] Post Type: page
[02-Jan-2026 14:47:29 UTC] PIXEL Nﾃグ CARREGADO: Nﾃ｣o ﾃｩ um terreno
[02-Jan-2026 14:49:54 UTC] Scripts frontend carregados com sucesso
[02-Jan-2026 14:49:54 UTC] === FACEBOOK PIXEL DEBUG ===
[02-Jan-2026 14:49:54 UTC] Post Type: page
[02-Jan-2026 14:49:54 UTC] is_singular(terreno): Nﾃグ
[02-Jan-2026 14:49:54 UTC] PIXEL Nﾃグ CARREGADO: Pﾃ｡gina sem shortcode terreno_mapa
[02-Jan-2026 14:49:54 UTC] PIXEL Nﾃグ CARREGADO: ID do terreno nﾃ｣o encontrado
[02-Jan-2026 14:49:59 UTC] Scripts frontend carregados com sucesso
[02-Jan-2026 14:49:59 UTC] === FACEBOOK PIXEL DEBUG ===
[02-Jan-2026 14:49:59 UTC] Post Type: page
[02-Jan-2026 14:49:59 UTC] is_singular(terreno): Nﾃグ
[02-Jan-2026 14:49:59 UTC] PIXEL Nﾃグ CARREGADO: Pﾃ｡gina sem shortcode terreno_mapa
[02-Jan-2026 14:49:59 UTC] PIXEL Nﾃグ CARREGADO: ID do terreno nﾃ｣o encontrado
[02-Jan-2026 14:50:00 UTC] 汳ｾ [CVCRM] Cache HIT para cvcrm_empreendimento_26
[02-Jan-2026 14:50:53 UTC] Scripts frontend carregados com sucesso
[02-Jan-2026 14:50:53 UTC] === FACEBOOK PIXEL DEBUG ===
[02-Jan-2026 14:50:53 UTC] Post Type: page
[02-Jan-2026 14:50:53 UTC] is_singular(terreno): Nﾃグ
[02-Jan-2026 14:50:53 UTC] PIXEL Nﾃグ CARREGADO: Pﾃ｡gina sem shortcode terreno_mapa
[02-Jan-2026 14:50:53 UTC] PIXEL Nﾃグ CARREGADO: ID do terreno nﾃ｣o encontrado
[02-Jan-2026 14:50:54 UTC] 汳ｾ [CVCRM] Cache HIT para cvcrm_empreendimento_26
[02-Jan-2026 14:53:45 UTC] Scripts frontend carregados com sucesso
[02-Jan-2026 14:53:45 UTC] === FACEBOOK PIXEL DEBUG ===
[02-Jan-2026 14:53:45 UTC] Post Type: page
[02-Jan-2026 14:53:45 UTC] is_singular(terreno): Nﾃグ
[02-Jan-2026 14:53:45 UTC] Conteﾃｺdo da pﾃ｡gina (primeiros 500 chars): 
[02-Jan-2026 14:53:45 UTC] has_shortcode result: Nﾃグ
[02-Jan-2026 14:53:45 UTC] PIXEL Nﾃグ CARREGADO: Pﾃ｡gina sem shortcode terreno_mapa
[02-Jan-2026 14:53:45 UTC] PIXEL Nﾃグ CARREGADO: ID do terreno nﾃ｣o encontrado
[02-Jan-2026 14:53:47 UTC] 汳ｾ [CVCRM] Cache HIT para cvcrm_empreendimento_26
[02-Jan-2026 14:53:56 UTC] Scripts frontend carregados com sucesso
[02-Jan-2026 14:53:56 UTC] === FACEBOOK PIXEL DEBUG ===
[02-Jan-2026 14:53:56 UTC] Post Type: page
[02-Jan-2026 14:53:56 UTC] is_singular(terreno): Nﾃグ
[02-Jan-2026 14:53:56 UTC] Conteﾃｺdo da pﾃ｡gina (primeiros 500 chars): 
[02-Jan-2026 14:53:56 UTC] has_shortcode result: Nﾃグ
[02-Jan-2026 14:53:56 UTC] PIXEL Nﾃグ CARREGADO: Pﾃ｡gina sem shortcode terreno_mapa
[02-Jan-2026 14:53:56 UTC] PIXEL Nﾃグ CARREGADO: ID do terreno nﾃ｣o encontrado
[02-Jan-2026 14:53:58 UTC] 汳ｾ [CVCRM] Cache HIT para cvcrm_empreendimento_26
[02-Jan-2026 14:55:53 UTC] Scripts frontend carregados com sucesso
[02-Jan-2026 14:55:53 UTC] === FACEBOOK PIXEL DEBUG ===
[02-Jan-2026 14:55:53 UTC] Post Type: page
[02-Jan-2026 14:55:53 UTC] is_singular(terreno): Nﾃグ
[02-Jan-2026 14:55:53 UTC] Caso 2: Pﾃ｡gina - Slug: campo-alto
[02-Jan-2026 14:55:53 UTC] Caso 2: Terreno encontrado com mesmo slug - ID: 32
[02-Jan-2026 14:55:53 UTC] Terreno ID: 32
[02-Jan-2026 14:55:53 UTC] Pixel ID encontrado: 1423368039304251
[02-Jan-2026 14:55:53 UTC] Pixel Token encontrado: SIM
[02-Jan-2026 14:55:53 UTC] PIXEL CARREGADO COM SUCESSO! Terreno: 32 | Pixel: 1423368039304251
[02-Jan-2026 14:55:54 UTC] 汳ｾ [CVCRM] Cache HIT para cvcrm_empreendimento_26
